<?xml version="1.0" encoding="UTF-8"?>
<!-- Generated by org.testng.reporters.JUnitReportReporter -->
<testsuite hostname="SAGAR" failures="0" tests="7" name="com.qc.testng.test.LoginTest" time="26.743" errors="0" timestamp="2023-12-23T13:33:36 IST" skipped="0">
  <testcase classname="com.qc.testng.test.LoginTest" name="doLogin" time="3.246"/>
  <system-out/>
  <testcase classname="com.qc.testng.test.LoginTest" name="doLogin" time="3.212"/>
  <system-out/>
  <testcase classname="com.qc.testng.test.LoginTest" name="doLogin" time="3.242"/>
  <system-out/>
  <testcase classname="com.qc.testng.test.LoginTest" name="doLogin" time="3.215"/>
  <system-out/>
  <testcase classname="com.qc.testng.test.LoginTest" name="doLogin" time="7.376"/>
  <system-out/>
  <testcase classname="com.qc.testng.test.LoginTest" name="doLogin" time="3.226"/>
  <system-out/>
  <testcase classname="com.qc.testng.test.LoginTest" name="doLogin" time="3.226"/>
  <system-out/>
</testsuite> <!-- com.qc.testng.test.LoginTest -->
